2020-10-10 19:16:12,399 - people_counter - send_receive_messages.py - 68 INFO - Running method_for_receiving_face_detected_by_peer...
2020-10-10 19:16:12,400 - people_counter - send_receive_messages.py - 74 INFO - Server method_for_receiving_face_detected_by_peer: starting up on 0.0.0.0 port 10000
2020-10-10 19:16:12,400 - people_counter - send_receive_messages.py - 140 INFO - Connecting to peer ('192.168.86.54', 10000)...
2020-10-10 19:16:12,400 - people_counter - send_receive_messages.py - 181 INFO - Running thread method_for_comparing_local_face_detected_and_global_face_detected...
2020-10-10 19:16:12,400 - people_counter - human_detector.py - 85 INFO - Loading model name:models/MobileNetSSD_deploy.caffemodel, proto_text:models/MobileNetSSD_deploy.prototxt.
2020-10-10 19:16:12,401 - people_counter - send_receive_messages.py - 82 INFO - Server ('0.0.0.0', 10000) method_for_receiving_face_detected_by_peer: Waiting for a connection
2020-10-10 19:16:12,401 - people_counter - send_receive_messages.py - 184 INFO - [INFO D 1]: 0
2020-10-10 19:16:12,402 - people_counter - send_receive_messages.py - 185 INFO - [INFO L 2]: 0
2020-10-10 19:16:12,402 - people_counter - send_receive_messages.py - 186 INFO - [INFO P 3]: 0
2020-10-10 19:16:12,402 - people_counter - send_receive_messages.py - 189 INFO - method_for_comparing_local_face_detected_and_global_face_detected: Compute total faces detected by both cameras: 0
2020-10-10 19:16:12,405 - people_counter - send_receive_messages.py - 146 ERROR - ConnectionRefusedError: [Errno 111] Connection refused
2020-10-10 19:16:12,578 - people_counter - human_detector.py - 96 INFO - Setting MOVIDIUS NCS stick connected via USB as the target to run the model.
2020-10-10 19:16:12,578 - people_counter - human_detector.py - 118 INFO - Warming up Raspberry PI camera connected via the PCB slot.
2020-10-10 19:16:13,406 - people_counter - send_receive_messages.py - 140 INFO - Connecting to peer ('192.168.86.54', 10000)...
2020-10-10 19:16:13,414 - people_counter - send_receive_messages.py - 146 ERROR - ConnectionRefusedError: [Errno 111] Connection refused
2020-10-10 19:16:13,666 - people_counter - send_receive_messages.py - 85 INFO - Server ('0.0.0.0', 10000): received connection from peer ('192.168.86.54', 60914).
2020-10-10 19:16:13,667 - people_counter - send_receive_messages.py - 87 INFO - Run program is set to True.
2020-10-10 19:16:14,416 - people_counter - send_receive_messages.py - 140 INFO - Connecting to peer ('192.168.86.54', 10000)...
2020-10-10 19:16:17,412 - people_counter - send_receive_messages.py - 184 INFO - [INFO D 1]: 0
2020-10-10 19:16:17,417 - people_counter - send_receive_messages.py - 185 INFO - [INFO L 2]: 0
2020-10-10 19:16:17,423 - people_counter - send_receive_messages.py - 186 INFO - [INFO P 3]: 0
2020-10-10 19:16:17,428 - people_counter - send_receive_messages.py - 189 INFO - method_for_comparing_local_face_detected_and_global_face_detected: Compute total faces detected by both cameras: 0
2020-10-10 19:16:22,440 - people_counter - send_receive_messages.py - 184 INFO - [INFO D 1]: 0
2020-10-10 19:16:22,446 - people_counter - send_receive_messages.py - 185 INFO - [INFO L 2]: 0
2020-10-10 19:16:22,451 - people_counter - send_receive_messages.py - 186 INFO - [INFO P 3]: 0
2020-10-10 19:16:22,457 - people_counter - send_receive_messages.py - 189 INFO - method_for_comparing_local_face_detected_and_global_face_detected: Compute total faces detected by both cameras: 0
2020-10-10 19:16:27,468 - people_counter - send_receive_messages.py - 184 INFO - [INFO D 1]: 0
2020-10-10 19:16:27,473 - people_counter - send_receive_messages.py - 185 INFO - [INFO L 2]: 0
2020-10-10 19:16:27,479 - people_counter - send_receive_messages.py - 186 INFO - [INFO P 3]: 0
2020-10-10 19:16:27,480 - people_counter - send_receive_messages.py - 189 INFO - method_for_comparing_local_face_detected_and_global_face_detected: Compute total faces detected by both cameras: 0
2020-10-10 19:16:32,491 - people_counter - send_receive_messages.py - 184 INFO - [INFO D 1]: 0
2020-10-10 19:16:32,496 - people_counter - send_receive_messages.py - 185 INFO - [INFO L 2]: 0
2020-10-10 19:16:32,502 - people_counter - send_receive_messages.py - 186 INFO - [INFO P 3]: 0
2020-10-10 19:16:32,507 - people_counter - send_receive_messages.py - 189 INFO - method_for_comparing_local_face_detected_and_global_face_detected: Compute total faces detected by both cameras: 0
2020-10-10 19:16:37,525 - people_counter - send_receive_messages.py - 184 INFO - [INFO D 1]: 0
2020-10-10 19:16:37,531 - people_counter - send_receive_messages.py - 185 INFO - [INFO L 2]: 0
2020-10-10 19:16:37,537 - people_counter - send_receive_messages.py - 186 INFO - [INFO P 3]: 0
2020-10-10 19:16:37,537 - people_counter - send_receive_messages.py - 189 INFO - method_for_comparing_local_face_detected_and_global_face_detected: Compute total faces detected by both cameras: 0
2020-10-10 19:16:42,545 - people_counter - send_receive_messages.py - 184 INFO - [INFO D 1]: 0
2020-10-10 19:16:42,545 - people_counter - send_receive_messages.py - 185 INFO - [INFO L 2]: 0
2020-10-10 19:16:42,556 - people_counter - send_receive_messages.py - 186 INFO - [INFO P 3]: 0
2020-10-10 19:16:42,562 - people_counter - send_receive_messages.py - 189 INFO - method_for_comparing_local_face_detected_and_global_face_detected: Compute total faces detected by both cameras: 0
2020-10-10 19:16:45,474 - people_counter - send_receive_messages.py - 87 INFO - Run program is set to True.
2020-10-10 19:16:45,479 - people_counter - send_receive_messages.py - 87 INFO - Run program is set to True.
2020-10-10 19:16:45,485 - people_counter - send_receive_messages.py - 87 INFO - Run program is set to True.
2020-10-10 19:16:45,490 - people_counter - send_receive_messages.py - 87 INFO - Run program is set to True.
2020-10-10 19:16:45,495 - people_counter - send_receive_messages.py - 87 INFO - Run program is set to True.
2020-10-10 19:16:45,500 - people_counter - send_receive_messages.py - 87 INFO - Run program is set to True.
2020-10-10 19:16:45,506 - people_counter - send_receive_messages.py - 87 INFO - Run program is set to True.
2020-10-10 19:16:45,516 - people_counter - send_receive_messages.py - 87 INFO - Run program is set to True.
2020-10-10 19:16:45,528 - people_counter - send_receive_messages.py - 87 INFO - Run program is set to True.
2020-10-10 19:16:45,549 - people_counter - send_receive_messages.py - 87 INFO - Run program is set to True.
2020-10-10 19:16:45,555 - people_counter - send_receive_messages.py - 87 INFO - Run program is set to True.
2020-10-10 19:16:45,560 - people_counter - send_receive_messages.py - 87 INFO - Run program is set to True.
2020-10-10 19:16:45,560 - people_counter - send_receive_messages.py - 87 INFO - Run program is set to True.
2020-10-10 19:16:45,561 - people_counter - send_receive_messages.py - 87 INFO - Run program is set to True.
2020-10-10 19:16:45,561 - people_counter - send_receive_messages.py - 87 INFO - Run program is set to True.
2020-10-10 19:16:45,568 - people_counter - send_receive_messages.py - 87 INFO - Run program is set to True.
2020-10-10 19:16:45,569 - people_counter - send_receive_messages.py - 87 INFO - Run program is set to True.
2020-10-10 19:16:45,579 - people_counter - send_receive_messages.py - 87 INFO - Run program is set to True.
2020-10-10 19:16:45,579 - people_counter - send_receive_messages.py - 87 INFO - Run program is set to True.
2020-10-10 19:16:45,590 - people_counter - send_receive_messages.py - 87 INFO - Run program is set to True.
2020-10-10 19:16:45,595 - people_counter - send_receive_messages.py - 87 INFO - Run program is set to True.
2020-10-10 19:16:45,600 - people_counter - send_receive_messages.py - 87 INFO - Run program is set to True.
2020-10-10 19:16:45,606 - people_counter - send_receive_messages.py - 87 INFO - Run program is set to True.
2020-10-10 19:16:45,611 - people_counter - send_receive_messages.py - 87 INFO - Run program is set to True.
2020-10-10 19:16:45,616 - people_counter - send_receive_messages.py - 87 INFO - Run program is set to True.
2020-10-10 19:16:45,621 - people_counter - send_receive_messages.py - 87 INFO - Run program is set to True.
2020-10-10 19:16:45,627 - people_counter - send_receive_messages.py - 87 INFO - Run program is set to True.
2020-10-10 19:16:45,638 - people_counter - send_receive_messages.py - 87 INFO - Run program is set to True.
2020-10-10 19:16:45,643 - people_counter - send_receive_messages.py - 87 INFO - Run program is set to True.
2020-10-10 19:16:45,649 - people_counter - send_receive_messages.py - 87 INFO - Run program is set to True.
2020-10-10 19:16:45,655 - people_counter - send_receive_messages.py - 87 INFO - Run program is set to True.
2020-10-10 19:16:45,661 - people_counter - send_receive_messages.py - 87 INFO - Run program is set to True.
2020-10-10 19:16:45,667 - people_counter - send_receive_messages.py - 87 INFO - Run program is set to True.
2020-10-10 19:16:45,672 - people_counter - send_receive_messages.py - 87 INFO - Run program is set to True.
2020-10-10 19:16:45,682 - people_counter - send_receive_messages.py - 87 INFO - Run program is set to True.
2020-10-10 19:16:45,687 - people_counter - send_receive_messages.py - 87 INFO - Run program is set to True.
2020-10-10 19:16:45,698 - people_counter - send_receive_messages.py - 87 INFO - Run program is set to True.
2020-10-10 19:16:45,710 - people_counter - send_receive_messages.py - 87 INFO - Run program is set to True.
2020-10-10 19:16:45,715 - people_counter - send_receive_messages.py - 87 INFO - Run program is set to True.
2020-10-10 19:16:45,726 - people_counter - send_receive_messages.py - 87 INFO - Run program is set to True.
2020-10-10 19:16:45,726 - people_counter - send_receive_messages.py - 87 INFO - Run program is set to True.
2020-10-10 19:16:45,733 - people_counter - send_receive_messages.py - 87 INFO - Run program is set to True.
2020-10-10 19:16:45,739 - people_counter - send_receive_messages.py - 87 INFO - Run program is set to True.
2020-10-10 19:16:45,740 - people_counter - send_receive_messages.py - 87 INFO - Run program is set to True.
2020-10-10 19:16:45,746 - people_counter - send_receive_messages.py - 87 INFO - Run program is set to True.
2020-10-10 19:16:45,746 - people_counter - send_receive_messages.py - 87 INFO - Run program is set to True.
2020-10-10 19:16:45,754 - people_counter - send_receive_messages.py - 87 INFO - Run program is set to True.
2020-10-10 19:16:45,762 - people_counter - send_receive_messages.py - 87 INFO - Run program is set to True.
2020-10-10 19:16:45,768 - people_counter - send_receive_messages.py - 87 INFO - Run program is set to True.
2020-10-10 19:16:45,769 - people_counter - send_receive_messages.py - 87 INFO - Run program is set to True.
2020-10-10 19:16:45,774 - people_counter - send_receive_messages.py - 87 INFO - Run program is set to True.
2020-10-10 19:16:45,774 - people_counter - send_receive_messages.py - 87 INFO - Run program is set to True.
2020-10-10 19:16:45,780 - people_counter - send_receive_messages.py - 87 INFO - Run program is set to True.
2020-10-10 19:16:45,780 - people_counter - send_receive_messages.py - 87 INFO - Run program is set to True.
2020-10-10 19:16:45,786 - people_counter - send_receive_messages.py - 87 INFO - Run program is set to True.
2020-10-10 19:16:45,787 - people_counter - send_receive_messages.py - 87 INFO - Run program is set to True.
2020-10-10 19:16:45,787 - people_counter - send_receive_messages.py - 87 INFO - Run program is set to True.
2020-10-10 19:16:45,793 - people_counter - send_receive_messages.py - 87 INFO - Run program is set to True.
2020-10-10 19:16:45,804 - people_counter - send_receive_messages.py - 87 INFO - Run program is set to True.
2020-10-10 19:16:45,809 - people_counter - send_receive_messages.py - 87 INFO - Run program is set to True.
2020-10-10 19:16:45,815 - people_counter - send_receive_messages.py - 87 INFO - Run program is set to True.
2020-10-10 19:16:45,820 - people_counter - send_receive_messages.py - 87 INFO - Run program is set to True.
2020-10-10 19:16:45,826 - people_counter - send_receive_messages.py - 87 INFO - Run program is set to True.
2020-10-10 19:16:45,831 - people_counter - send_receive_messages.py - 87 INFO - Run program is set to True.
2020-10-10 19:16:45,836 - people_counter - send_receive_messages.py - 87 INFO - Run program is set to True.
2020-10-10 19:16:45,842 - people_counter - send_receive_messages.py - 87 INFO - Run program is set to True.
2020-10-10 19:16:45,847 - people_counter - send_receive_messages.py - 87 INFO - Run program is set to True.
2020-10-10 19:16:45,852 - people_counter - send_receive_messages.py - 87 INFO - Run program is set to True.
2020-10-10 19:16:45,857 - people_counter - send_receive_messages.py - 87 INFO - Run program is set to True.
2020-10-10 19:16:45,868 - people_counter - send_receive_messages.py - 87 INFO - Run program is set to True.
2020-10-10 19:16:45,873 - people_counter - send_receive_messages.py - 87 INFO - Run program is set to True.
2020-10-10 19:16:45,874 - people_counter - send_receive_messages.py - 87 INFO - Run program is set to True.
2020-10-10 19:16:45,880 - people_counter - send_receive_messages.py - 87 INFO - Run program is set to True.
2020-10-10 19:16:45,881 - people_counter - send_receive_messages.py - 87 INFO - Run program is set to True.
2020-10-10 19:16:45,907 - people_counter - send_receive_messages.py - 87 INFO - Run program is set to True.
2020-10-10 19:16:45,924 - people_counter - send_receive_messages.py - 87 INFO - Run program is set to True.
2020-10-10 19:16:45,942 - people_counter - send_receive_messages.py - 87 INFO - Run program is set to True.
2020-10-10 19:16:45,948 - people_counter - send_receive_messages.py - 87 INFO - Run program is set to True.
2020-10-10 19:16:45,953 - people_counter - send_receive_messages.py - 87 INFO - Run program is set to True.
2020-10-10 19:16:45,958 - people_counter - send_receive_messages.py - 87 INFO - Run program is set to True.
2020-10-10 19:16:45,964 - people_counter - send_receive_messages.py - 87 INFO - Run program is set to True.
2020-10-10 19:16:45,969 - people_counter - send_receive_messages.py - 87 INFO - Run program is set to True.
2020-10-10 19:16:45,974 - people_counter - send_receive_messages.py - 87 INFO - Run program is set to True.
2020-10-10 19:16:45,985 - people_counter - send_receive_messages.py - 87 INFO - Run program is set to True.
2020-10-10 19:16:45,991 - people_counter - send_receive_messages.py - 87 INFO - Run program is set to True.
2020-10-10 19:16:45,996 - people_counter - send_receive_messages.py - 87 INFO - Run program is set to True.
2020-10-10 19:16:46,002 - people_counter - send_receive_messages.py - 87 INFO - Run program is set to True.
2020-10-10 19:16:46,007 - people_counter - send_receive_messages.py - 87 INFO - Run program is set to True.
2020-10-10 19:16:46,012 - people_counter - send_receive_messages.py - 87 INFO - Run program is set to True.
2020-10-10 19:16:46,012 - people_counter - send_receive_messages.py - 87 INFO - Run program is set to True.
2020-10-10 19:16:46,023 - people_counter - send_receive_messages.py - 87 INFO - Run program is set to True.
2020-10-10 19:16:46,034 - people_counter - send_receive_messages.py - 87 INFO - Run program is set to True.
2020-10-10 19:16:46,055 - people_counter - send_receive_messages.py - 87 INFO - Run program is set to True.
2020-10-10 19:16:46,060 - people_counter - send_receive_messages.py - 87 INFO - Run program is set to True.
2020-10-10 19:16:46,065 - people_counter - send_receive_messages.py - 87 INFO - Run program is set to True.
2020-10-10 19:16:46,076 - people_counter - send_receive_messages.py - 87 INFO - Run program is set to True.
2020-10-10 19:16:46,087 - people_counter - send_receive_messages.py - 87 INFO - Run program is set to True.
2020-10-10 19:16:46,092 - people_counter - send_receive_messages.py - 87 INFO - Run program is set to True.
2020-10-10 19:16:46,103 - people_counter - send_receive_messages.py - 87 INFO - Run program is set to True.
2020-10-10 19:16:46,125 - people_counter - send_receive_messages.py - 87 INFO - Run program is set to True.
2020-10-10 19:16:46,130 - people_counter - send_receive_messages.py - 87 INFO - Run program is set to True.
2020-10-10 19:16:46,135 - people_counter - send_receive_messages.py - 87 INFO - Run program is set to True.
2020-10-10 19:16:46,141 - people_counter - send_receive_messages.py - 87 INFO - Run program is set to True.
2020-10-10 19:16:46,146 - people_counter - send_receive_messages.py - 87 INFO - Run program is set to True.
2020-10-10 19:16:46,157 - people_counter - send_receive_messages.py - 87 INFO - Run program is set to True.
2020-10-10 19:16:46,167 - people_counter - send_receive_messages.py - 87 INFO - Run program is set to True.
2020-10-10 19:16:46,172 - people_counter - send_receive_messages.py - 87 INFO - Run program is set to True.
2020-10-10 19:16:46,178 - people_counter - send_receive_messages.py - 87 INFO - Run program is set to True.
2020-10-10 19:16:46,183 - people_counter - send_receive_messages.py - 87 INFO - Run program is set to True.
2020-10-10 19:16:46,188 - people_counter - send_receive_messages.py - 87 INFO - Run program is set to True.
2020-10-10 19:16:46,194 - people_counter - send_receive_messages.py - 87 INFO - Run program is set to True.
2020-10-10 19:16:46,200 - people_counter - send_receive_messages.py - 87 INFO - Run program is set to True.
2020-10-10 19:16:46,210 - people_counter - send_receive_messages.py - 87 INFO - Run program is set to True.
2020-10-10 19:16:46,226 - people_counter - send_receive_messages.py - 87 INFO - Run program is set to True.
2020-10-10 19:16:46,231 - people_counter - send_receive_messages.py - 87 INFO - Run program is set to True.
2020-10-10 19:16:46,249 - people_counter - send_receive_messages.py - 87 INFO - Run program is set to True.
2020-10-10 19:16:46,274 - people_counter - send_receive_messages.py - 87 INFO - Run program is set to True.
2020-10-10 19:16:46,280 - people_counter - send_receive_messages.py - 87 INFO - Run program is set to True.
2020-10-10 19:16:46,285 - people_counter - send_receive_messages.py - 87 INFO - Run program is set to True.
2020-10-10 19:16:46,285 - people_counter - send_receive_messages.py - 87 INFO - Run program is set to True.
2020-10-10 19:16:46,286 - people_counter - send_receive_messages.py - 87 INFO - Run program is set to True.
2020-10-10 19:16:46,291 - people_counter - send_receive_messages.py - 87 INFO - Run program is set to True.
2020-10-10 19:16:46,302 - people_counter - send_receive_messages.py - 87 INFO - Run program is set to True.
2020-10-10 19:16:46,308 - people_counter - send_receive_messages.py - 87 INFO - Run program is set to True.
2020-10-10 19:16:46,313 - people_counter - send_receive_messages.py - 87 INFO - Run program is set to True.
2020-10-10 19:16:46,314 - people_counter - send_receive_messages.py - 87 INFO - Run program is set to True.
2020-10-10 19:16:46,320 - people_counter - send_receive_messages.py - 87 INFO - Run program is set to True.
2020-10-10 19:16:46,341 - people_counter - send_receive_messages.py - 87 INFO - Run program is set to True.
2020-10-10 19:16:46,347 - people_counter - send_receive_messages.py - 87 INFO - Run program is set to True.
2020-10-10 19:16:46,352 - people_counter - send_receive_messages.py - 87 INFO - Run program is set to True.
2020-10-10 19:16:46,357 - people_counter - send_receive_messages.py - 87 INFO - Run program is set to True.
2020-10-10 19:16:46,362 - people_counter - send_receive_messages.py - 87 INFO - Run program is set to True.
2020-10-10 19:16:46,368 - people_counter - send_receive_messages.py - 87 INFO - Run program is set to True.
2020-10-10 19:16:46,373 - people_counter - send_receive_messages.py - 87 INFO - Run program is set to True.
2020-10-10 19:16:46,378 - people_counter - send_receive_messages.py - 87 INFO - Run program is set to True.
2020-10-10 19:16:46,383 - people_counter - send_receive_messages.py - 87 INFO - Run program is set to True.
2020-10-10 19:16:46,389 - people_counter - send_receive_messages.py - 87 INFO - Run program is set to True.
2020-10-10 19:16:46,394 - people_counter - send_receive_messages.py - 87 INFO - Run program is set to True.
2020-10-10 19:16:46,399 - people_counter - send_receive_messages.py - 87 INFO - Run program is set to True.
2020-10-10 19:16:46,416 - people_counter - send_receive_messages.py - 87 INFO - Run program is set to True.
2020-10-10 19:16:46,427 - people_counter - send_receive_messages.py - 87 INFO - Run program is set to True.
2020-10-10 19:16:46,443 - people_counter - send_receive_messages.py - 87 INFO - Run program is set to True.
2020-10-10 19:16:46,449 - people_counter - send_receive_messages.py - 87 INFO - Run program is set to True.
2020-10-10 19:16:46,487 - people_counter - send_receive_messages.py - 87 INFO - Run program is set to True.
2020-10-10 19:16:46,498 - people_counter - send_receive_messages.py - 87 INFO - Run program is set to True.
2020-10-10 19:16:46,504 - people_counter - send_receive_messages.py - 87 INFO - Run program is set to True.
2020-10-10 19:16:46,514 - people_counter - send_receive_messages.py - 87 INFO - Run program is set to True.
2020-10-10 19:16:46,514 - people_counter - send_receive_messages.py - 87 INFO - Run program is set to True.
2020-10-10 19:16:46,520 - people_counter - send_receive_messages.py - 87 INFO - Run program is set to True.
2020-10-10 19:16:46,534 - people_counter - send_receive_messages.py - 87 INFO - Run program is set to True.
2020-10-10 19:16:46,539 - people_counter - send_receive_messages.py - 87 INFO - Run program is set to True.
2020-10-10 19:16:46,545 - people_counter - send_receive_messages.py - 87 INFO - Run program is set to True.
2020-10-10 19:16:46,550 - people_counter - send_receive_messages.py - 87 INFO - Run program is set to True.
2020-10-10 19:16:46,561 - people_counter - send_receive_messages.py - 87 INFO - Run program is set to True.
2020-10-10 19:16:46,566 - people_counter - send_receive_messages.py - 87 INFO - Run program is set to True.
2020-10-10 19:16:46,577 - people_counter - send_receive_messages.py - 87 INFO - Run program is set to True.
2020-10-10 19:16:46,583 - people_counter - send_receive_messages.py - 87 INFO - Run program is set to True.
2020-10-10 19:16:46,588 - people_counter - send_receive_messages.py - 87 INFO - Run program is set to True.
2020-10-10 19:16:46,593 - people_counter - send_receive_messages.py - 87 INFO - Run program is set to True.
2020-10-10 19:16:46,598 - people_counter - send_receive_messages.py - 87 INFO - Run program is set to True.
2020-10-10 19:16:46,604 - people_counter - send_receive_messages.py - 87 INFO - Run program is set to True.
2020-10-10 19:16:46,609 - people_counter - send_receive_messages.py - 87 INFO - Run program is set to True.
2020-10-10 19:16:46,614 - people_counter - send_receive_messages.py - 87 INFO - Run program is set to True.
2020-10-10 19:16:46,624 - people_counter - send_receive_messages.py - 87 INFO - Run program is set to True.
2020-10-10 19:16:46,636 - people_counter - send_receive_messages.py - 87 INFO - Run program is set to True.
2020-10-10 19:16:46,652 - people_counter - send_receive_messages.py - 87 INFO - Run program is set to True.
2020-10-10 19:16:46,663 - people_counter - send_receive_messages.py - 87 INFO - Run program is set to True.
2020-10-10 19:16:46,669 - people_counter - send_receive_messages.py - 87 INFO - Run program is set to True.
2020-10-10 19:16:46,674 - people_counter - send_receive_messages.py - 87 INFO - Run program is set to True.
2020-10-10 19:16:46,680 - people_counter - send_receive_messages.py - 87 INFO - Run program is set to True.
2020-10-10 19:16:46,685 - people_counter - send_receive_messages.py - 87 INFO - Run program is set to True.
2020-10-10 19:16:46,690 - people_counter - send_receive_messages.py - 87 INFO - Run program is set to True.
2020-10-10 19:16:46,696 - people_counter - send_receive_messages.py - 87 INFO - Run program is set to True.
2020-10-10 19:16:46,701 - people_counter - send_receive_messages.py - 87 INFO - Run program is set to True.
2020-10-10 19:16:46,706 - people_counter - send_receive_messages.py - 87 INFO - Run program is set to True.
2020-10-10 19:16:46,711 - people_counter - send_receive_messages.py - 87 INFO - Run program is set to True.
2020-10-10 19:16:46,717 - people_counter - send_receive_messages.py - 87 INFO - Run program is set to True.
2020-10-10 19:16:46,722 - people_counter - send_receive_messages.py - 87 INFO - Run program is set to True.
2020-10-10 19:16:46,733 - people_counter - send_receive_messages.py - 87 INFO - Run program is set to True.
2020-10-10 19:16:46,745 - people_counter - send_receive_messages.py - 87 INFO - Run program is set to True.
2020-10-10 19:16:46,759 - people_counter - send_receive_messages.py - 87 INFO - Run program is set to True.
2020-10-10 19:16:46,776 - people_counter - send_receive_messages.py - 87 INFO - Run program is set to True.
2020-10-10 19:16:46,781 - people_counter - send_receive_messages.py - 87 INFO - Run program is set to True.
2020-10-10 19:16:46,786 - people_counter - send_receive_messages.py - 87 INFO - Run program is set to True.
2020-10-10 19:16:46,792 - people_counter - send_receive_messages.py - 87 INFO - Run program is set to True.
2020-10-10 19:16:46,797 - people_counter - send_receive_messages.py - 87 INFO - Run program is set to True.
2020-10-10 19:16:46,802 - people_counter - send_receive_messages.py - 87 INFO - Run program is set to True.
2020-10-10 19:16:46,808 - people_counter - send_receive_messages.py - 87 INFO - Run program is set to True.
2020-10-10 19:16:46,813 - people_counter - send_receive_messages.py - 87 INFO - Run program is set to True.
2020-10-10 19:16:46,818 - people_counter - send_receive_messages.py - 87 INFO - Run program is set to True.
2020-10-10 19:16:46,835 - people_counter - send_receive_messages.py - 87 INFO - Run program is set to True.
2020-10-10 19:16:46,841 - people_counter - send_receive_messages.py - 87 INFO - Run program is set to True.
2020-10-10 19:16:46,857 - people_counter - send_receive_messages.py - 87 INFO - Run program is set to True.
2020-10-10 19:16:46,868 - people_counter - send_receive_messages.py - 87 INFO - Run program is set to True.
2020-10-10 19:16:46,876 - people_counter - send_receive_messages.py - 87 INFO - Run program is set to True.
2020-10-10 19:16:46,906 - people_counter - send_receive_messages.py - 87 INFO - Run program is set to True.
2020-10-10 19:16:46,911 - people_counter - send_receive_messages.py - 87 INFO - Run program is set to True.
2020-10-10 19:16:46,917 - people_counter - send_receive_messages.py - 87 INFO - Run program is set to True.
2020-10-10 19:16:46,922 - people_counter - send_receive_messages.py - 87 INFO - Run program is set to True.
2020-10-10 19:16:46,927 - people_counter - send_receive_messages.py - 87 INFO - Run program is set to True.
2020-10-10 19:16:46,933 - people_counter - send_receive_messages.py - 87 INFO - Run program is set to True.
2020-10-10 19:16:46,938 - people_counter - send_receive_messages.py - 87 INFO - Run program is set to True.
2020-10-10 19:16:46,949 - people_counter - send_receive_messages.py - 87 INFO - Run program is set to True.
2020-10-10 19:16:46,960 - people_counter - send_receive_messages.py - 87 INFO - Run program is set to True.
2020-10-10 19:16:46,966 - people_counter - send_receive_messages.py - 87 INFO - Run program is set to True.
2020-10-10 19:16:46,971 - people_counter - send_receive_messages.py - 87 INFO - Run program is set to True.
2020-10-10 19:16:46,976 - people_counter - send_receive_messages.py - 87 INFO - Run program is set to True.
2020-10-10 19:16:46,981 - people_counter - send_receive_messages.py - 87 INFO - Run program is set to True.
2020-10-10 19:16:46,987 - people_counter - send_receive_messages.py - 87 INFO - Run program is set to True.
2020-10-10 19:16:46,992 - people_counter - send_receive_messages.py - 87 INFO - Run program is set to True.
2020-10-10 19:16:46,997 - people_counter - send_receive_messages.py - 87 INFO - Run program is set to True.
2020-10-10 19:16:47,013 - people_counter - send_receive_messages.py - 87 INFO - Run program is set to True.
2020-10-10 19:16:47,030 - people_counter - send_receive_messages.py - 87 INFO - Run program is set to True.
2020-10-10 19:16:47,035 - people_counter - send_receive_messages.py - 87 INFO - Run program is set to True.
2020-10-10 19:16:47,041 - people_counter - send_receive_messages.py - 87 INFO - Run program is set to True.
2020-10-10 19:16:47,047 - people_counter - send_receive_messages.py - 87 INFO - Run program is set to True.
2020-10-10 19:16:47,052 - people_counter - send_receive_messages.py - 87 INFO - Run program is set to True.
2020-10-10 19:16:47,066 - people_counter - send_receive_messages.py - 87 INFO - Run program is set to True.
2020-10-10 19:16:47,072 - people_counter - send_receive_messages.py - 87 INFO - Run program is set to True.
2020-10-10 19:16:47,077 - people_counter - send_receive_messages.py - 87 INFO - Run program is set to True.
2020-10-10 19:16:47,077 - people_counter - send_receive_messages.py - 87 INFO - Run program is set to True.
2020-10-10 19:16:47,083 - people_counter - send_receive_messages.py - 87 INFO - Run program is set to True.
2020-10-10 19:16:47,088 - people_counter - send_receive_messages.py - 87 INFO - Run program is set to True.
2020-10-10 19:16:47,093 - people_counter - send_receive_messages.py - 87 INFO - Run program is set to True.
2020-10-10 19:16:47,104 - people_counter - send_receive_messages.py - 87 INFO - Run program is set to True.
2020-10-10 19:16:47,109 - people_counter - send_receive_messages.py - 87 INFO - Run program is set to True.
2020-10-10 19:16:47,114 - people_counter - send_receive_messages.py - 87 INFO - Run program is set to True.
2020-10-10 19:16:47,119 - people_counter - send_receive_messages.py - 87 INFO - Run program is set to True.
2020-10-10 19:16:47,125 - people_counter - send_receive_messages.py - 87 INFO - Run program is set to True.
2020-10-10 19:16:47,130 - people_counter - send_receive_messages.py - 87 INFO - Run program is set to True.
2020-10-10 19:16:47,136 - people_counter - send_receive_messages.py - 87 INFO - Run program is set to True.
2020-10-10 19:16:47,148 - people_counter - send_receive_messages.py - 87 INFO - Run program is set to True.
2020-10-10 19:16:47,153 - people_counter - send_receive_messages.py - 87 INFO - Run program is set to True.
2020-10-10 19:16:47,161 - people_counter - send_receive_messages.py - 87 INFO - Run program is set to True.
2020-10-10 19:16:47,167 - people_counter - send_receive_messages.py - 87 INFO - Run program is set to True.
2020-10-10 19:16:47,173 - people_counter - send_receive_messages.py - 87 INFO - Run program is set to True.
2020-10-10 19:16:47,183 - people_counter - send_receive_messages.py - 87 INFO - Run program is set to True.
2020-10-10 19:16:47,188 - people_counter - send_receive_messages.py - 87 INFO - Run program is set to True.
2020-10-10 19:16:47,199 - people_counter - send_receive_messages.py - 87 INFO - Run program is set to True.
2020-10-10 19:16:47,204 - people_counter - send_receive_messages.py - 87 INFO - Run program is set to True.
2020-10-10 19:16:47,210 - people_counter - send_receive_messages.py - 87 INFO - Run program is set to True.
2020-10-10 19:16:47,221 - people_counter - send_receive_messages.py - 87 INFO - Run program is set to True.
2020-10-10 19:16:47,226 - people_counter - send_receive_messages.py - 87 INFO - Run program is set to True.
2020-10-10 19:16:47,232 - people_counter - send_receive_messages.py - 87 INFO - Run program is set to True.
2020-10-10 19:16:47,237 - people_counter - send_receive_messages.py - 87 INFO - Run program is set to True.
2020-10-10 19:16:47,249 - people_counter - send_receive_messages.py - 87 INFO - Run program is set to True.
2020-10-10 19:16:47,254 - people_counter - send_receive_messages.py - 87 INFO - Run program is set to True.
2020-10-10 19:16:47,260 - people_counter - send_receive_messages.py - 87 INFO - Run program is set to True.
2020-10-10 19:16:47,270 - people_counter - send_receive_messages.py - 87 INFO - Run program is set to True.
2020-10-10 19:16:47,276 - people_counter - send_receive_messages.py - 87 INFO - Run program is set to True.
2020-10-10 19:16:47,281 - people_counter - send_receive_messages.py - 87 INFO - Run program is set to True.
2020-10-10 19:16:47,288 - people_counter - send_receive_messages.py - 87 INFO - Run program is set to True.
2020-10-10 19:16:47,289 - people_counter - send_receive_messages.py - 87 INFO - Run program is set to True.
2020-10-10 19:16:47,294 - people_counter - send_receive_messages.py - 87 INFO - Run program is set to True.
2020-10-10 19:16:47,300 - people_counter - send_receive_messages.py - 87 INFO - Run program is set to True.
2020-10-10 19:16:47,305 - people_counter - send_receive_messages.py - 87 INFO - Run program is set to True.
2020-10-10 19:16:47,322 - people_counter - send_receive_messages.py - 87 INFO - Run program is set to True.
2020-10-10 19:16:47,327 - people_counter - send_receive_messages.py - 87 INFO - Run program is set to True.
2020-10-10 19:16:47,333 - people_counter - send_receive_messages.py - 87 INFO - Run program is set to True.
2020-10-10 19:16:47,338 - people_counter - send_receive_messages.py - 87 INFO - Run program is set to True.
2020-10-10 19:16:47,344 - people_counter - send_receive_messages.py - 87 INFO - Run program is set to True.
2020-10-10 19:16:47,350 - people_counter - send_receive_messages.py - 87 INFO - Run program is set to True.
2020-10-10 19:16:47,355 - people_counter - send_receive_messages.py - 87 INFO - Run program is set to True.
2020-10-10 19:16:47,361 - people_counter - send_receive_messages.py - 87 INFO - Run program is set to True.
2020-10-10 19:16:47,366 - people_counter - send_receive_messages.py - 87 INFO - Run program is set to True.
2020-10-10 19:16:47,371 - people_counter - send_receive_messages.py - 87 INFO - Run program is set to True.
2020-10-10 19:16:47,377 - people_counter - send_receive_messages.py - 87 INFO - Run program is set to True.
2020-10-10 19:16:47,383 - people_counter - send_receive_messages.py - 87 INFO - Run program is set to True.
2020-10-10 19:16:47,388 - people_counter - send_receive_messages.py - 87 INFO - Run program is set to True.
2020-10-10 19:16:47,393 - people_counter - send_receive_messages.py - 87 INFO - Run program is set to True.
2020-10-10 19:16:47,398 - people_counter - send_receive_messages.py - 87 INFO - Run program is set to True.
2020-10-10 19:16:47,409 - people_counter - send_receive_messages.py - 87 INFO - Run program is set to True.
2020-10-10 19:16:47,412 - people_counter - send_receive_messages.py - 87 INFO - Run program is set to True.
2020-10-10 19:16:47,412 - people_counter - send_receive_messages.py - 87 INFO - Run program is set to True.
2020-10-10 19:16:47,428 - people_counter - send_receive_messages.py - 87 INFO - Run program is set to True.
2020-10-10 19:16:47,446 - people_counter - send_receive_messages.py - 87 INFO - Run program is set to True.
2020-10-10 19:16:47,452 - people_counter - send_receive_messages.py - 87 INFO - Run program is set to True.
2020-10-10 19:16:47,462 - people_counter - send_receive_messages.py - 87 INFO - Run program is set to True.
2020-10-10 19:16:47,485 - people_counter - send_receive_messages.py - 87 INFO - Run program is set to True.
2020-10-10 19:16:47,490 - people_counter - send_receive_messages.py - 87 INFO - Run program is set to True.
2020-10-10 19:16:47,496 - people_counter - send_receive_messages.py - 87 INFO - Run program is set to True.
2020-10-10 19:16:47,512 - people_counter - send_receive_messages.py - 87 INFO - Run program is set to True.
2020-10-10 19:16:47,523 - people_counter - send_receive_messages.py - 87 INFO - Run program is set to True.
2020-10-10 19:16:47,528 - people_counter - send_receive_messages.py - 87 INFO - Run program is set to True.
2020-10-10 19:16:47,534 - people_counter - send_receive_messages.py - 87 INFO - Run program is set to True.
2020-10-10 19:16:47,539 - people_counter - send_receive_messages.py - 87 INFO - Run program is set to True.
2020-10-10 19:16:47,544 - people_counter - send_receive_messages.py - 87 INFO - Run program is set to True.
2020-10-10 19:16:47,549 - people_counter - send_receive_messages.py - 87 INFO - Run program is set to True.
2020-10-10 19:16:47,555 - people_counter - send_receive_messages.py - 87 INFO - Run program is set to True.
2020-10-10 19:16:47,572 - people_counter - send_receive_messages.py - 87 INFO - Run program is set to True.
2020-10-10 19:16:47,578 - people_counter - send_receive_messages.py - 184 INFO - [INFO D 1]: 0
2020-10-10 19:16:47,578 - people_counter - send_receive_messages.py - 185 INFO - [INFO L 2]: 0
2020-10-10 19:16:47,584 - people_counter - send_receive_messages.py - 186 INFO - [INFO P 3]: 0
2020-10-10 19:16:47,578 - people_counter - send_receive_messages.py - 87 INFO - Run program is set to True.
2020-10-10 19:16:47,600 - people_counter - send_receive_messages.py - 189 INFO - method_for_comparing_local_face_detected_and_global_face_detected: Compute total faces detected by both cameras: 0
2020-10-10 19:16:47,617 - people_counter - send_receive_messages.py - 87 INFO - Run program is set to True.
2020-10-10 19:16:47,632 - people_counter - send_receive_messages.py - 87 INFO - Run program is set to True.
2020-10-10 19:16:47,643 - people_counter - send_receive_messages.py - 87 INFO - Run program is set to True.
2020-10-10 19:16:47,648 - people_counter - send_receive_messages.py - 87 INFO - Run program is set to True.
2020-10-10 19:16:47,659 - people_counter - send_receive_messages.py - 87 INFO - Run program is set to True.
2020-10-10 19:16:47,670 - people_counter - send_receive_messages.py - 87 INFO - Run program is set to True.
2020-10-10 19:16:47,676 - people_counter - send_receive_messages.py - 87 INFO - Run program is set to True.
2020-10-10 19:16:47,687 - people_counter - send_receive_messages.py - 87 INFO - Run program is set to True.
2020-10-10 19:16:47,693 - people_counter - send_receive_messages.py - 87 INFO - Run program is set to True.
2020-10-10 19:16:47,706 - people_counter - send_receive_messages.py - 87 INFO - Run program is set to True.
2020-10-10 19:16:47,711 - people_counter - send_receive_messages.py - 87 INFO - Run program is set to True.
2020-10-10 19:16:47,719 - people_counter - send_receive_messages.py - 87 INFO - Run program is set to True.
2020-10-10 19:16:47,740 - people_counter - send_receive_messages.py - 87 INFO - Run program is set to True.
2020-10-10 19:16:47,745 - people_counter - send_receive_messages.py - 87 INFO - Run program is set to True.
2020-10-10 19:16:47,756 - people_counter - send_receive_messages.py - 87 INFO - Run program is set to True.
2020-10-10 19:16:47,761 - people_counter - send_receive_messages.py - 87 INFO - Run program is set to True.
2020-10-10 19:16:47,766 - people_counter - send_receive_messages.py - 87 INFO - Run program is set to True.
2020-10-10 19:16:47,772 - people_counter - send_receive_messages.py - 87 INFO - Run program is set to True.
2020-10-10 19:16:47,783 - people_counter - send_receive_messages.py - 87 INFO - Run program is set to True.
2020-10-10 19:16:47,790 - people_counter - send_receive_messages.py - 87 INFO - Run program is set to True.
2020-10-10 19:16:47,795 - people_counter - send_receive_messages.py - 87 INFO - Run program is set to True.
2020-10-10 19:16:47,834 - people_counter - send_receive_messages.py - 87 INFO - Run program is set to True.
2020-10-10 19:16:47,839 - people_counter - send_receive_messages.py - 87 INFO - Run program is set to True.
2020-10-10 19:16:47,845 - people_counter - send_receive_messages.py - 87 INFO - Run program is set to True.
2020-10-10 19:16:47,850 - people_counter - send_receive_messages.py - 87 INFO - Run program is set to True.
2020-10-10 19:16:47,855 - people_counter - send_receive_messages.py - 87 INFO - Run program is set to True.
2020-10-10 19:16:47,860 - people_counter - send_receive_messages.py - 87 INFO - Run program is set to True.
2020-10-10 19:16:47,866 - people_counter - send_receive_messages.py - 87 INFO - Run program is set to True.
2020-10-10 19:16:47,871 - people_counter - send_receive_messages.py - 87 INFO - Run program is set to True.
2020-10-10 19:16:47,876 - people_counter - send_receive_messages.py - 87 INFO - Run program is set to True.
2020-10-10 19:16:47,892 - people_counter - send_receive_messages.py - 87 INFO - Run program is set to True.
2020-10-10 19:16:47,898 - people_counter - send_receive_messages.py - 87 INFO - Run program is set to True.
2020-10-10 19:16:47,909 - people_counter - send_receive_messages.py - 87 INFO - Run program is set to True.
2020-10-10 19:16:47,914 - people_counter - send_receive_messages.py - 87 INFO - Run program is set to True.
2020-10-10 19:16:47,920 - people_counter - send_receive_messages.py - 87 INFO - Run program is set to True.
2020-10-10 19:16:47,934 - people_counter - send_receive_messages.py - 87 INFO - Run program is set to True.
2020-10-10 19:16:47,945 - people_counter - send_receive_messages.py - 87 INFO - Run program is set to True.
2020-10-10 19:16:47,956 - people_counter - send_receive_messages.py - 87 INFO - Run program is set to True.
2020-10-10 19:16:47,967 - people_counter - send_receive_messages.py - 87 INFO - Run program is set to True.
2020-10-10 19:16:47,979 - people_counter - send_receive_messages.py - 87 INFO - Run program is set to True.
2020-10-10 19:16:47,989 - people_counter - send_receive_messages.py - 87 INFO - Run program is set to True.
2020-10-10 19:16:47,995 - people_counter - send_receive_messages.py - 87 INFO - Run program is set to True.
2020-10-10 19:16:48,013 - people_counter - send_receive_messages.py - 87 INFO - Run program is set to True.
2020-10-10 19:16:48,025 - people_counter - send_receive_messages.py - 87 INFO - Run program is set to True.
2020-10-10 19:16:48,030 - people_counter - send_receive_messages.py - 87 INFO - Run program is set to True.
2020-10-10 19:16:48,036 - people_counter - send_receive_messages.py - 87 INFO - Run program is set to True.
2020-10-10 19:16:48,041 - people_counter - send_receive_messages.py - 87 INFO - Run program is set to True.
2020-10-10 19:16:48,058 - people_counter - send_receive_messages.py - 87 INFO - Run program is set to True.
2020-10-10 19:16:48,064 - people_counter - send_receive_messages.py - 87 INFO - Run program is set to True.
2020-10-10 19:16:48,069 - people_counter - send_receive_messages.py - 87 INFO - Run program is set to True.
2020-10-10 19:16:48,094 - people_counter - send_receive_messages.py - 87 INFO - Run program is set to True.
2020-10-10 19:16:48,100 - people_counter - send_receive_messages.py - 87 INFO - Run program is set to True.
2020-10-10 19:16:48,112 - people_counter - send_receive_messages.py - 87 INFO - Run program is set to True.
2020-10-10 19:16:48,118 - people_counter - send_receive_messages.py - 87 INFO - Run program is set to True.
2020-10-10 19:16:48,134 - people_counter - send_receive_messages.py - 87 INFO - Run program is set to True.
2020-10-10 19:16:48,150 - people_counter - send_receive_messages.py - 87 INFO - Run program is set to True.
2020-10-10 19:16:48,169 - people_counter - send_receive_messages.py - 87 INFO - Run program is set to True.
2020-10-10 19:16:48,184 - people_counter - send_receive_messages.py - 87 INFO - Run program is set to True.
2020-10-10 19:16:48,195 - people_counter - send_receive_messages.py - 87 INFO - Run program is set to True.
2020-10-10 19:16:48,200 - people_counter - send_receive_messages.py - 87 INFO - Run program is set to True.
2020-10-10 19:16:48,206 - people_counter - send_receive_messages.py - 87 INFO - Run program is set to True.
2020-10-10 19:16:48,211 - people_counter - send_receive_messages.py - 87 INFO - Run program is set to True.
2020-10-10 19:16:48,216 - people_counter - send_receive_messages.py - 87 INFO - Run program is set to True.
2020-10-10 19:16:48,222 - people_counter - send_receive_messages.py - 87 INFO - Run program is set to True.
2020-10-10 19:16:48,233 - people_counter - send_receive_messages.py - 87 INFO - Run program is set to True.
2020-10-10 19:16:48,238 - people_counter - send_receive_messages.py - 87 INFO - Run program is set to True.
2020-10-10 19:16:48,243 - people_counter - send_receive_messages.py - 87 INFO - Run program is set to True.
2020-10-10 19:16:48,254 - people_counter - send_receive_messages.py - 87 INFO - Run program is set to True.
2020-10-10 19:16:48,260 - people_counter - send_receive_messages.py - 87 INFO - Run program is set to True.
2020-10-10 19:16:48,265 - people_counter - send_receive_messages.py - 87 INFO - Run program is set to True.
2020-10-10 19:16:48,265 - people_counter - send_receive_messages.py - 87 INFO - Run program is set to True.
2020-10-10 19:16:48,267 - people_counter - send_receive_messages.py - 87 INFO - Run program is set to True.
2020-10-10 19:16:48,274 - people_counter - send_receive_messages.py - 87 INFO - Run program is set to True.
2020-10-10 19:16:48,280 - people_counter - send_receive_messages.py - 87 INFO - Run program is set to True.
2020-10-10 19:16:48,285 - people_counter - send_receive_messages.py - 87 INFO - Run program is set to True.
2020-10-10 19:16:48,319 - people_counter - send_receive_messages.py - 87 INFO - Run program is set to True.
2020-10-10 19:16:48,324 - people_counter - send_receive_messages.py - 87 INFO - Run program is set to True.
2020-10-10 19:16:48,324 - people_counter - send_receive_messages.py - 87 INFO - Run program is set to True.
2020-10-10 19:16:48,330 - people_counter - send_receive_messages.py - 87 INFO - Run program is set to True.
2020-10-10 19:16:48,346 - people_counter - send_receive_messages.py - 87 INFO - Run program is set to True.
2020-10-10 19:16:48,357 - people_counter - send_receive_messages.py - 87 INFO - Run program is set to True.
2020-10-10 19:16:48,362 - people_counter - send_receive_messages.py - 87 INFO - Run program is set to True.
2020-10-10 19:16:48,367 - people_counter - send_receive_messages.py - 87 INFO - Run program is set to True.
2020-10-10 19:16:48,373 - people_counter - send_receive_messages.py - 87 INFO - Run program is set to True.
2020-10-10 19:16:48,378 - people_counter - send_receive_messages.py - 87 INFO - Run program is set to True.
2020-10-10 19:16:48,383 - people_counter - send_receive_messages.py - 87 INFO - Run program is set to True.
2020-10-10 19:16:48,388 - people_counter - send_receive_messages.py - 87 INFO - Run program is set to True.
2020-10-10 19:16:48,394 - people_counter - send_receive_messages.py - 87 INFO - Run program is set to True.
2020-10-10 19:16:48,399 - people_counter - send_receive_messages.py - 87 INFO - Run program is set to True.
2020-10-10 19:16:48,404 - people_counter - send_receive_messages.py - 87 INFO - Run program is set to True.
2020-10-10 19:16:48,415 - people_counter - send_receive_messages.py - 87 INFO - Run program is set to True.
2020-10-10 19:16:48,421 - people_counter - send_receive_messages.py - 87 INFO - Run program is set to True.
2020-10-10 19:16:48,431 - people_counter - send_receive_messages.py - 87 INFO - Run program is set to True.
2020-10-10 19:16:48,453 - people_counter - send_receive_messages.py - 87 INFO - Run program is set to True.
2020-10-10 19:16:48,459 - people_counter - send_receive_messages.py - 87 INFO - Run program is set to True.
2020-10-10 19:16:48,464 - people_counter - send_receive_messages.py - 87 INFO - Run program is set to True.
2020-10-10 19:16:48,469 - people_counter - send_receive_messages.py - 87 INFO - Run program is set to True.
2020-10-10 19:16:48,474 - people_counter - send_receive_messages.py - 87 INFO - Run program is set to True.
2020-10-10 19:16:48,480 - people_counter - send_receive_messages.py - 87 INFO - Run program is set to True.
2020-10-10 19:16:48,485 - people_counter - send_receive_messages.py - 87 INFO - Run program is set to True.
2020-10-10 19:16:48,513 - people_counter - send_receive_messages.py - 87 INFO - Run program is set to True.
2020-10-10 19:16:48,519 - people_counter - send_receive_messages.py - 87 INFO - Run program is set to True.
2020-10-10 19:16:48,530 - people_counter - send_receive_messages.py - 87 INFO - Run program is set to True.
2020-10-10 19:16:48,541 - people_counter - send_receive_messages.py - 87 INFO - Run program is set to True.
2020-10-10 19:16:48,546 - people_counter - send_receive_messages.py - 87 INFO - Run program is set to True.
2020-10-10 19:16:48,555 - people_counter - send_receive_messages.py - 87 INFO - Run program is set to True.
2020-10-10 19:16:48,560 - people_counter - send_receive_messages.py - 87 INFO - Run program is set to True.
2020-10-10 19:16:48,566 - people_counter - send_receive_messages.py - 87 INFO - Run program is set to True.
2020-10-10 19:16:48,582 - people_counter - send_receive_messages.py - 87 INFO - Run program is set to True.
2020-10-10 19:16:48,592 - people_counter - send_receive_messages.py - 87 INFO - Run program is set to True.
2020-10-10 19:16:48,597 - people_counter - send_receive_messages.py - 87 INFO - Run program is set to True.
2020-10-10 19:16:48,603 - people_counter - send_receive_messages.py - 87 INFO - Run program is set to True.
2020-10-10 19:16:48,624 - people_counter - send_receive_messages.py - 87 INFO - Run program is set to True.
2020-10-10 19:16:48,635 - people_counter - send_receive_messages.py - 87 INFO - Run program is set to True.
2020-10-10 19:16:48,641 - people_counter - send_receive_messages.py - 87 INFO - Run program is set to True.
2020-10-10 19:16:48,646 - people_counter - send_receive_messages.py - 87 INFO - Run program is set to True.
2020-10-10 19:16:48,661 - people_counter - send_receive_messages.py - 87 INFO - Run program is set to True.
2020-10-10 19:16:48,667 - people_counter - send_receive_messages.py - 87 INFO - Run program is set to True.
2020-10-10 19:16:48,672 - people_counter - send_receive_messages.py - 87 INFO - Run program is set to True.
2020-10-10 19:16:48,677 - people_counter - send_receive_messages.py - 87 INFO - Run program is set to True.
2020-10-10 19:16:48,690 - people_counter - send_receive_messages.py - 87 INFO - Run program is set to True.
2020-10-10 19:16:48,702 - people_counter - send_receive_messages.py - 87 INFO - Run program is set to True.
2020-10-10 19:16:48,710 - people_counter - send_receive_messages.py - 87 INFO - Run program is set to True.
2020-10-10 19:16:48,716 - people_counter - send_receive_messages.py - 87 INFO - Run program is set to True.
2020-10-10 19:16:48,738 - people_counter - send_receive_messages.py - 87 INFO - Run program is set to True.
2020-10-10 19:16:48,743 - people_counter - send_receive_messages.py - 87 INFO - Run program is set to True.
2020-10-10 19:16:48,748 - people_counter - send_receive_messages.py - 87 INFO - Run program is set to True.
2020-10-10 19:16:48,754 - people_counter - send_receive_messages.py - 87 INFO - Run program is set to True.
2020-10-10 19:16:48,759 - people_counter - send_receive_messages.py - 87 INFO - Run program is set to True.
2020-10-10 19:16:48,764 - people_counter - send_receive_messages.py - 87 INFO - Run program is set to True.
2020-10-10 19:16:48,770 - people_counter - send_receive_messages.py - 87 INFO - Run program is set to True.
2020-10-10 19:16:48,775 - people_counter - send_receive_messages.py - 87 INFO - Run program is set to True.
2020-10-10 19:16:48,780 - people_counter - send_receive_messages.py - 87 INFO - Run program is set to True.
2020-10-10 19:16:48,785 - people_counter - send_receive_messages.py - 87 INFO - Run program is set to True.
2020-10-10 19:16:48,791 - people_counter - send_receive_messages.py - 87 INFO - Run program is set to True.
2020-10-10 19:16:48,804 - people_counter - send_receive_messages.py - 87 INFO - Run program is set to True.
2020-10-10 19:16:48,816 - people_counter - send_receive_messages.py - 87 INFO - Run program is set to True.
2020-10-10 19:16:48,823 - people_counter - send_receive_messages.py - 87 INFO - Run program is set to True.
2020-10-10 19:16:48,828 - people_counter - send_receive_messages.py - 87 INFO - Run program is set to True.
2020-10-10 19:16:48,839 - people_counter - send_receive_messages.py - 87 INFO - Run program is set to True.
2020-10-10 19:16:48,850 - people_counter - send_receive_messages.py - 87 INFO - Run program is set to True.
2020-10-10 19:16:48,852 - people_counter - send_receive_messages.py - 87 INFO - Run program is set to True.
2020-10-10 19:16:48,857 - people_counter - send_receive_messages.py - 87 INFO - Run program is set to True.
2020-10-10 19:16:48,868 - people_counter - send_receive_messages.py - 87 INFO - Run program is set to True.
2020-10-10 19:16:48,873 - people_counter - send_receive_messages.py - 87 INFO - Run program is set to True.
2020-10-10 19:16:48,896 - people_counter - send_receive_messages.py - 87 INFO - Run program is set to True.
2020-10-10 19:16:48,902 - people_counter - send_receive_messages.py - 87 INFO - Run program is set to True.
2020-10-10 19:16:48,907 - people_counter - send_receive_messages.py - 87 INFO - Run program is set to True.
2020-10-10 19:16:48,912 - people_counter - send_receive_messages.py - 87 INFO - Run program is set to True.
2020-10-10 19:16:48,930 - people_counter - send_receive_messages.py - 87 INFO - Run program is set to True.
2020-10-10 19:16:48,948 - people_counter - send_receive_messages.py - 87 INFO - Run program is set to True.
2020-10-10 19:16:48,948 - people_counter - send_receive_messages.py - 87 INFO - Run program is set to True.
2020-10-10 19:16:48,959 - people_counter - send_receive_messages.py - 87 INFO - Run program is set to True.
2020-10-10 19:16:48,966 - people_counter - send_receive_messages.py - 87 INFO - Run program is set to True.
2020-10-10 19:16:48,971 - people_counter - send_receive_messages.py - 87 INFO - Run program is set to True.
2020-10-10 19:16:48,985 - people_counter - send_receive_messages.py - 87 INFO - Run program is set to True.
2020-10-10 19:16:48,996 - people_counter - send_receive_messages.py - 87 INFO - Run program is set to True.
2020-10-10 19:16:49,002 - people_counter - send_receive_messages.py - 87 INFO - Run program is set to True.
2020-10-10 19:16:49,014 - people_counter - send_receive_messages.py - 87 INFO - Run program is set to True.
2020-10-10 19:16:49,021 - people_counter - send_receive_messages.py - 87 INFO - Run program is set to True.
2020-10-10 19:16:49,021 - people_counter - send_receive_messages.py - 87 INFO - Run program is set to True.
2020-10-10 19:16:49,027 - people_counter - send_receive_messages.py - 87 INFO - Run program is set to True.
2020-10-10 19:16:49,032 - people_counter - send_receive_messages.py - 87 INFO - Run program is set to True.
2020-10-10 19:16:49,046 - people_counter - send_receive_messages.py - 87 INFO - Run program is set to True.
2020-10-10 19:16:49,046 - people_counter - send_receive_messages.py - 87 INFO - Run program is set to True.
2020-10-10 19:16:49,052 - people_counter - send_receive_messages.py - 87 INFO - Run program is set to True.
2020-10-10 19:16:49,062 - people_counter - send_receive_messages.py - 87 INFO - Run program is set to True.
2020-10-10 19:16:49,067 - people_counter - send_receive_messages.py - 87 INFO - Run program is set to True.
2020-10-10 19:16:49,073 - people_counter - send_receive_messages.py - 87 INFO - Run program is set to True.
2020-10-10 19:16:49,078 - people_counter - send_receive_messages.py - 87 INFO - Run program is set to True.
2020-10-10 19:16:49,083 - people_counter - send_receive_messages.py - 87 INFO - Run program is set to True.
2020-10-10 19:16:49,088 - people_counter - send_receive_messages.py - 87 INFO - Run program is set to True.
2020-10-10 19:16:49,110 - people_counter - send_receive_messages.py - 87 INFO - Run program is set to True.
2020-10-10 19:16:49,116 - people_counter - send_receive_messages.py - 87 INFO - Run program is set to True.
2020-10-10 19:16:49,121 - people_counter - send_receive_messages.py - 87 INFO - Run program is set to True.
2020-10-10 19:16:49,132 - people_counter - send_receive_messages.py - 87 INFO - Run program is set to True.
2020-10-10 19:16:49,137 - people_counter - send_receive_messages.py - 87 INFO - Run program is set to True.
2020-10-10 19:16:49,147 - people_counter - send_receive_messages.py - 87 INFO - Run program is set to True.
2020-10-10 19:16:49,158 - people_counter - send_receive_messages.py - 87 INFO - Run program is set to True.
2020-10-10 19:16:49,159 - people_counter - send_receive_messages.py - 87 INFO - Run program is set to True.
2020-10-10 19:16:49,171 - people_counter - send_receive_messages.py - 87 INFO - Run program is set to True.
2020-10-10 19:16:49,182 - people_counter - send_receive_messages.py - 87 INFO - Run program is set to True.
2020-10-10 19:16:49,192 - people_counter - send_receive_messages.py - 87 INFO - Run program is set to True.
2020-10-10 19:16:49,198 - people_counter - send_receive_messages.py - 87 INFO - Run program is set to True.
2020-10-10 19:16:49,208 - people_counter - send_receive_messages.py - 87 INFO - Run program is set to True.
2020-10-10 19:16:49,214 - people_counter - send_receive_messages.py - 87 INFO - Run program is set to True.
2020-10-10 19:16:49,225 - people_counter - send_receive_messages.py - 87 INFO - Run program is set to True.
2020-10-10 19:16:49,225 - people_counter - send_receive_messages.py - 87 INFO - Run program is set to True.
2020-10-10 19:16:49,231 - people_counter - send_receive_messages.py - 87 INFO - Run program is set to True.
2020-10-10 19:16:49,236 - people_counter - send_receive_messages.py - 87 INFO - Run program is set to True.
2020-10-10 19:16:49,248 - people_counter - send_receive_messages.py - 87 INFO - Run program is set to True.
2020-10-10 19:16:49,269 - people_counter - send_receive_messages.py - 87 INFO - Run program is set to True.
2020-10-10 19:16:49,274 - people_counter - send_receive_messages.py - 87 INFO - Run program is set to True.
2020-10-10 19:16:49,279 - people_counter - send_receive_messages.py - 87 INFO - Run program is set to True.
2020-10-10 19:16:49,284 - people_counter - send_receive_messages.py - 87 INFO - Run program is set to True.
2020-10-10 19:16:49,295 - people_counter - send_receive_messages.py - 87 INFO - Run program is set to True.
2020-10-10 19:16:49,300 - people_counter - send_receive_messages.py - 87 INFO - Run program is set to True.
2020-10-10 19:16:49,306 - people_counter - send_receive_messages.py - 87 INFO - Run program is set to True.
2020-10-10 19:16:49,320 - people_counter - send_receive_messages.py - 87 INFO - Run program is set to True.
2020-10-10 19:16:49,333 - people_counter - send_receive_messages.py - 87 INFO - Run program is set to True.
2020-10-10 19:16:49,351 - people_counter - send_receive_messages.py - 87 INFO - Run program is set to True.
2020-10-10 19:16:49,376 - people_counter - send_receive_messages.py - 87 INFO - Run program is set to True.
2020-10-10 19:16:49,382 - people_counter - send_receive_messages.py - 87 INFO - Run program is set to True.
2020-10-10 19:16:49,387 - people_counter - send_receive_messages.py - 87 INFO - Run program is set to True.
2020-10-10 19:16:49,392 - people_counter - send_receive_messages.py - 87 INFO - Run program is set to True.
2020-10-10 19:16:49,398 - people_counter - send_receive_messages.py - 87 INFO - Run program is set to True.
2020-10-10 19:16:49,403 - people_counter - send_receive_messages.py - 87 INFO - Run program is set to True.
2020-10-10 19:16:49,414 - people_counter - send_receive_messages.py - 87 INFO - Run program is set to True.
2020-10-10 19:16:49,420 - people_counter - send_receive_messages.py - 87 INFO - Run program is set to True.
2020-10-10 19:16:49,436 - people_counter - send_receive_messages.py - 87 INFO - Run program is set to True.
2020-10-10 19:16:49,442 - people_counter - send_receive_messages.py - 87 INFO - Run program is set to True.
2020-10-10 19:16:49,451 - people_counter - send_receive_messages.py - 87 INFO - Run program is set to True.
2020-10-10 19:16:49,456 - people_counter - send_receive_messages.py - 87 INFO - Run program is set to True.
2020-10-10 19:16:49,462 - people_counter - send_receive_messages.py - 87 INFO - Run program is set to True.
2020-10-10 19:16:49,468 - people_counter - send_receive_messages.py - 87 INFO - Run program is set to True.
2020-10-10 19:16:49,473 - people_counter - send_receive_messages.py - 87 INFO - Run program is set to True.
2020-10-10 19:16:49,489 - people_counter - send_receive_messages.py - 87 INFO - Run program is set to True.
2020-10-10 19:16:49,494 - people_counter - send_receive_messages.py - 87 INFO - Run program is set to True.
2020-10-10 19:16:49,495 - people_counter - send_receive_messages.py - 87 INFO - Run program is set to True.
2020-10-10 19:16:49,508 - people_counter - send_receive_messages.py - 87 INFO - Run program is set to True.
2020-10-10 19:16:49,514 - people_counter - send_receive_messages.py - 87 INFO - Run program is set to True.
2020-10-10 19:16:49,527 - people_counter - send_receive_messages.py - 87 INFO - Run program is set to True.
2020-10-10 19:16:49,532 - people_counter - send_receive_messages.py - 87 INFO - Run program is set to True.
2020-10-10 19:16:49,548 - people_counter - send_receive_messages.py - 87 INFO - Run program is set to True.
2020-10-10 19:16:49,554 - people_counter - send_receive_messages.py - 87 INFO - Run program is set to True.
2020-10-10 19:16:49,559 - people_counter - send_receive_messages.py - 87 INFO - Run program is set to True.
2020-10-10 19:16:49,559 - people_counter - send_receive_messages.py - 87 INFO - Run program is set to True.
2020-10-10 19:16:49,565 - people_counter - send_receive_messages.py - 87 INFO - Run program is set to True.
2020-10-10 19:16:49,565 - people_counter - send_receive_messages.py - 87 INFO - Run program is set to True.
2020-10-10 19:16:49,571 - people_counter - send_receive_messages.py - 87 INFO - Run program is set to True.
2020-10-10 19:16:49,582 - people_counter - send_receive_messages.py - 87 INFO - Run program is set to True.
2020-10-10 19:16:49,595 - people_counter - send_receive_messages.py - 87 INFO - Run program is set to True.
2020-10-10 19:16:49,613 - people_counter - send_receive_messages.py - 87 INFO - Run program is set to True.
2020-10-10 19:16:49,632 - people_counter - send_receive_messages.py - 87 INFO - Run program is set to True.
2020-10-10 19:16:49,638 - people_counter - send_receive_messages.py - 87 INFO - Run program is set to True.
2020-10-10 19:16:49,643 - people_counter - send_receive_messages.py - 87 INFO - Run program is set to True.
2020-10-10 19:16:49,648 - people_counter - send_receive_messages.py - 87 INFO - Run program is set to True.
2020-10-10 19:16:49,654 - people_counter - send_receive_messages.py - 87 INFO - Run program is set to True.
2020-10-10 19:16:49,665 - people_counter - send_receive_messages.py - 87 INFO - Run program is set to True.
2020-10-10 19:16:49,680 - people_counter - send_receive_messages.py - 87 INFO - Run program is set to True.
2020-10-10 19:16:49,711 - people_counter - send_receive_messages.py - 87 INFO - Run program is set to True.
2020-10-10 19:16:49,722 - people_counter - send_receive_messages.py - 87 INFO - Run program is set to True.
2020-10-10 19:16:49,727 - people_counter - send_receive_messages.py - 87 INFO - Run program is set to True.
2020-10-10 19:16:49,738 - people_counter - send_receive_messages.py - 87 INFO - Run program is set to True.
2020-10-10 19:16:49,744 - people_counter - send_receive_messages.py - 87 INFO - Run program is set to True.
2020-10-10 19:16:49,749 - people_counter - send_receive_messages.py - 87 INFO - Run program is set to True.
2020-10-10 19:16:49,755 - people_counter - send_receive_messages.py - 87 INFO - Run program is set to True.
2020-10-10 19:16:49,766 - people_counter - send_receive_messages.py - 87 INFO - Run program is set to True.
2020-10-10 19:16:49,787 - people_counter - send_receive_messages.py - 87 INFO - Run program is set to True.
2020-10-10 19:16:49,793 - people_counter - send_receive_messages.py - 87 INFO - Run program is set to True.
2020-10-10 19:16:49,798 - people_counter - send_receive_messages.py - 87 INFO - Run program is set to True.
2020-10-10 19:16:49,803 - people_counter - send_receive_messages.py - 87 INFO - Run program is set to True.
2020-10-10 19:16:49,814 - people_counter - send_receive_messages.py - 87 INFO - Run program is set to True.
2020-10-10 19:16:49,819 - people_counter - send_receive_messages.py - 87 INFO - Run program is set to True.
2020-10-10 19:16:49,819 - people_counter - send_receive_messages.py - 87 INFO - Run program is set to True.
2020-10-10 19:16:49,825 - people_counter - send_receive_messages.py - 87 INFO - Run program is set to True.
2020-10-10 19:16:49,830 - people_counter - send_receive_messages.py - 87 INFO - Run program is set to True.
2020-10-10 19:16:49,835 - people_counter - send_receive_messages.py - 87 INFO - Run program is set to True.
2020-10-10 19:16:49,849 - people_counter - send_receive_messages.py - 87 INFO - Run program is set to True.
2020-10-10 19:16:49,855 - people_counter - send_receive_messages.py - 87 INFO - Run program is set to True.
2020-10-10 19:16:49,856 - people_counter - send_receive_messages.py - 87 INFO - Run program is set to True.
2020-10-10 19:16:49,878 - people_counter - send_receive_messages.py - 87 INFO - Run program is set to True.
2020-10-10 19:16:49,884 - people_counter - send_receive_messages.py - 87 INFO - Run program is set to True.
2020-10-10 19:16:49,895 - people_counter - send_receive_messages.py - 87 INFO - Run program is set to True.
2020-10-10 19:16:49,900 - people_counter - send_receive_messages.py - 87 INFO - Run program is set to True.
2020-10-10 19:16:49,906 - people_counter - send_receive_messages.py - 87 INFO - Run program is set to True.
2020-10-10 19:16:49,911 - people_counter - send_receive_messages.py - 87 INFO - Run program is set to True.
2020-10-10 19:16:49,921 - people_counter - send_receive_messages.py - 87 INFO - Run program is set to True.
2020-10-10 19:16:49,927 - people_counter - send_receive_messages.py - 87 INFO - Run program is set to True.
2020-10-10 19:16:49,932 - people_counter - send_receive_messages.py - 87 INFO - Run program is set to True.
2020-10-10 19:16:49,937 - people_counter - send_receive_messages.py - 87 INFO - Run program is set to True.
2020-10-10 19:16:49,943 - people_counter - send_receive_messages.py - 87 INFO - Run program is set to True.
setting logging level to 20.
2020-10-10 19:16:49,949 - people_counter - send_receive_messages.py - 87 INFO - Run program is set to True.
Traceback (most recent call last):
  File "human_detector.py", line 234, in <module>
2020-10-10 19:16:49,977 - people_counter - send_receive_messages.py - 87 INFO - Run program is set to True.
2020-10-10 19:16:49,998 - people_counter - send_receive_messages.py - 87 INFO - Run program is set to True.
2020-10-10 19:16:49,998 - people_counter - send_receive_messages.py - 87 INFO - Run program is set to True.
2020-10-10 19:16:50,003 - people_counter - send_receive_messages.py - 87 INFO - Run program is set to True.
2020-10-10 19:16:50,003 - people_counter - send_receive_messages.py - 87 INFO - Run program is set to True.
2020-10-10 19:16:50,009 - people_counter - send_receive_messages.py - 87 INFO - Run program is set to True.
2020-10-10 19:16:50,009 - people_counter - send_receive_messages.py - 87 INFO - Run program is set to True.
    HumanDetector().perform_job()
  File "human_detector.py", line 72, in perform_job
2020-10-10 19:16:50,044 - people_counter - send_receive_messages.py - 87 INFO - Run program is set to True.
2020-10-10 19:16:50,049 - people_counter - send_receive_messages.py - 87 INFO - Run program is set to True.
    return t1.join()
  File "/usr/lib/python3.7/threading.py", line 1032, in join
2020-10-10 19:16:50,060 - people_counter - send_receive_messages.py - 87 INFO - Run program is set to True.
2020-10-10 19:16:50,075 - people_counter - send_receive_messages.py - 87 INFO - Run program is set to True.
2020-10-10 19:16:50,081 - people_counter - send_receive_messages.py - 87 INFO - Run program is set to True.
2020-10-10 19:16:50,098 - people_counter - send_receive_messages.py - 87 INFO - Run program is set to True.
2020-10-10 19:16:50,103 - people_counter - send_receive_messages.py - 87 INFO - Run program is set to True.
    self._wait_for_tstate_lock()
  File "/usr/lib/python3.7/threading.py", line 1048, in _wait_for_tstate_lock
2020-10-10 19:16:50,110 - people_counter - send_receive_messages.py - 87 INFO - Run program is set to True.
2020-10-10 19:16:50,115 - people_counter - send_receive_messages.py - 87 INFO - Run program is set to True.
2020-10-10 19:16:50,121 - people_counter - send_receive_messages.py - 87 INFO - Run program is set to True.
2020-10-10 19:16:50,121 - people_counter - send_receive_messages.py - 87 INFO - Run program is set to True.
2020-10-10 19:16:50,127 - people_counter - send_receive_messages.py - 87 INFO - Run program is set to True.
2020-10-10 19:16:50,137 - people_counter - send_receive_messages.py - 87 INFO - Run program is set to True.
    elif lock.acquire(block, timeout):
KeyboardInterrupt
2020-10-10 19:16:50,137 - people_counter - send_receive_messages.py - 87 INFO - Run program is set to True.
2020-10-10 19:16:50,143 - people_counter - send_receive_messages.py - 87 INFO - Run program is set to True.
2020-10-10 19:16:50,148 - people_counter - send_receive_messages.py - 87 INFO - Run program is set to True.
2020-10-10 19:16:50,148 - people_counter - send_receive_messages.py - 87 INFO - Run program is set to True.
2020-10-10 19:16:50,148 - people_counter - send_receive_messages.py - 87 INFO - Run program is set to True.
2020-10-10 19:16:50,149 - people_counter - send_receive_messages.py - 87 INFO - Run program is set to True.
2020-10-10 19:16:50,149 - people_counter - send_receive_messages.py - 87 INFO - Run program is set to True.
2020-10-10 19:16:50,149 - people_counter - send_receive_messages.py - 87 INFO - Run program is set to True.
2020-10-10 19:16:50,149 - people_counter - send_receive_messages.py - 87 INFO - Run program is set to True.
2020-10-10 19:16:50,149 - people_counter - send_receive_messages.py - 87 INFO - Run program is set to True.
2020-10-10 19:16:50,149 - people_counter - send_receive_messages.py - 87 INFO - Run program is set to True.
2020-10-10 19:16:50,149 - people_counter - send_receive_messages.py - 87 INFO - Run program is set to True.
2020-10-10 19:16:50,149 - people_counter - send_receive_messages.py - 87 INFO - Run program is set to True.
2020-10-10 19:16:50,149 - people_counter - send_receive_messages.py - 87 INFO - Run program is set to True.
2020-10-10 19:16:50,150 - people_counter - send_receive_messages.py - 87 INFO - Run program is set to True.
2020-10-10 19:16:50,150 - people_counter - send_receive_messages.py - 87 INFO - Run program is set to True.
2020-10-10 19:16:50,150 - people_counter - send_receive_messages.py - 87 INFO - Run program is set to True.
2020-10-10 19:16:50,150 - people_counter - send_receive_messages.py - 87 INFO - Run program is set to True.
2020-10-10 19:16:50,150 - people_counter - send_receive_messages.py - 87 INFO - Run program is set to True.
2020-10-10 19:16:50,150 - people_counter - send_receive_messages.py - 87 INFO - Run program is set to True.
2020-10-10 19:16:50,150 - people_counter - send_receive_messages.py - 87 INFO - Run program is set to True.
2020-10-10 19:16:50,150 - people_counter - send_receive_messages.py - 87 INFO - Run program is set to True.
2020-10-10 19:16:50,150 - people_counter - send_receive_messages.py - 87 INFO - Run program is set to True.
2020-10-10 19:16:50,151 - people_counter - send_receive_messages.py - 87 INFO - Run program is set to True.
2020-10-10 19:16:50,151 - people_counter - send_receive_messages.py - 87 INFO - Run program is set to True.
2020-10-10 19:16:50,151 - people_counter - send_receive_messages.py - 87 INFO - Run program is set to True.
2020-10-10 19:16:50,151 - people_counter - send_receive_messages.py - 87 INFO - Run program is set to True.
2020-10-10 19:16:50,151 - people_counter - send_receive_messages.py - 87 INFO - Run program is set to True.
2020-10-10 19:16:50,151 - people_counter - send_receive_messages.py - 87 INFO - Run program is set to True.
2020-10-10 19:16:50,151 - people_counter - send_receive_messages.py - 87 INFO - Run program is set to True.
2020-10-10 19:16:50,151 - people_counter - send_receive_messages.py - 87 INFO - Run program is set to True.
2020-10-10 19:16:50,151 - people_counter - send_receive_messages.py - 87 INFO - Run program is set to True.
2020-10-10 19:16:50,151 - people_counter - send_receive_messages.py - 87 INFO - Run program is set to True.
2020-10-10 19:16:50,152 - people_counter - send_receive_messages.py - 87 INFO - Run program is set to True.
2020-10-10 19:16:50,152 - people_counter - send_receive_messages.py - 87 INFO - Run program is set to True.
2020-10-10 19:16:50,152 - people_counter - send_receive_messages.py - 87 INFO - Run program is set to True.
2020-10-10 19:16:50,152 - people_counter - send_receive_messages.py - 87 INFO - Run program is set to True.
2020-10-10 19:16:50,152 - people_counter - send_receive_messages.py - 87 INFO - Run program is set to True.
2020-10-10 19:16:50,152 - people_counter - send_receive_messages.py - 87 INFO - Run program is set to True.
2020-10-10 19:16:50,152 - people_counter - send_receive_messages.py - 87 INFO - Run program is set to True.
2020-10-10 19:16:50,152 - people_counter - send_receive_messages.py - 87 INFO - Run program is set to True.
2020-10-10 19:16:50,152 - people_counter - send_receive_messages.py - 87 INFO - Run program is set to True.
2020-10-10 19:16:50,153 - people_counter - send_receive_messages.py - 87 INFO - Run program is set to True.
2020-10-10 19:16:50,153 - people_counter - send_receive_messages.py - 87 INFO - Run program is set to True.
2020-10-10 19:16:50,153 - people_counter - send_receive_messages.py - 87 INFO - Run program is set to True.
2020-10-10 19:16:50,153 - people_counter - send_receive_messages.py - 87 INFO - Run program is set to True.
2020-10-10 19:16:50,153 - people_counter - send_receive_messages.py - 87 INFO - Run program is set to True.
2020-10-10 19:16:50,153 - people_counter - send_receive_messages.py - 87 INFO - Run program is set to True.
2020-10-10 19:16:50,153 - people_counter - send_receive_messages.py - 87 INFO - Run program is set to True.
2020-10-10 19:16:50,153 - people_counter - send_receive_messages.py - 87 INFO - Run program is set to True.
2020-10-10 19:16:50,153 - people_counter - send_receive_messages.py - 87 INFO - Run program is set to True.
2020-10-10 19:16:50,154 - people_counter - send_receive_messages.py - 87 INFO - Run program is set to True.
2020-10-10 19:16:50,154 - people_counter - send_receive_messages.py - 87 INFO - Run program is set to True.
2020-10-10 19:16:50,154 - people_counter - send_receive_messages.py - 87 INFO - Run program is set to True.
2020-10-10 19:16:50,154 - people_counter - send_receive_messages.py - 87 INFO - Run program is set to True.
2020-10-10 19:16:50,154 - people_counter - send_receive_messages.py - 87 INFO - Run program is set to True.
2020-10-10 19:16:50,154 - people_counter - send_receive_messages.py - 87 INFO - Run program is set to True.
2020-10-10 19:16:50,154 - people_counter - send_receive_messages.py - 87 INFO - Run program is set to True.
2020-10-10 19:16:50,154 - people_counter - send_receive_messages.py - 87 INFO - Run program is set to True.
2020-10-10 19:16:50,154 - people_counter - send_receive_messages.py - 87 INFO - Run program is set to True.
2020-10-10 19:16:50,155 - people_counter - send_receive_messages.py - 87 INFO - Run program is set to True.
2020-10-10 19:16:50,155 - people_counter - send_receive_messages.py - 87 INFO - Run program is set to True.
2020-10-10 19:16:50,155 - people_counter - send_receive_messages.py - 87 INFO - Run program is set to True.
2020-10-10 19:16:50,155 - people_counter - send_receive_messages.py - 87 INFO - Run program is set to True.
2020-10-10 19:16:50,155 - people_counter - send_receive_messages.py - 87 INFO - Run program is set to True.
2020-10-10 19:16:50,155 - people_counter - send_receive_messages.py - 87 INFO - Run program is set to True.
2020-10-10 19:16:50,155 - people_counter - send_receive_messages.py - 87 INFO - Run program is set to True.
2020-10-10 19:16:50,155 - people_counter - send_receive_messages.py - 87 INFO - Run program is set to True.
2020-10-10 19:16:50,155 - people_counter - send_receive_messages.py - 87 INFO - Run program is set to True.
2020-10-10 19:16:50,155 - people_counter - send_receive_messages.py - 87 INFO - Run program is set to True.
2020-10-10 19:16:50,156 - people_counter - send_receive_messages.py - 87 INFO - Run program is set to True.
2020-10-10 19:16:50,156 - people_counter - send_receive_messages.py - 87 INFO - Run program is set to True.
2020-10-10 19:16:50,156 - people_counter - send_receive_messages.py - 87 INFO - Run program is set to True.
2020-10-10 19:16:50,156 - people_counter - send_receive_messages.py - 87 INFO - Run program is set to True.
2020-10-10 19:16:50,156 - people_counter - send_receive_messages.py - 87 INFO - Run program is set to True.
2020-10-10 19:16:50,156 - people_counter - send_receive_messages.py - 87 INFO - Run program is set to True.
2020-10-10 19:16:50,156 - people_counter - send_receive_messages.py - 87 INFO - Run program is set to True.
2020-10-10 19:16:50,156 - people_counter - send_receive_messages.py - 87 INFO - Run program is set to True.
2020-10-10 19:16:50,156 - people_counter - send_receive_messages.py - 87 INFO - Run program is set to True.
2020-10-10 19:16:50,157 - people_counter - send_receive_messages.py - 87 INFO - Run program is set to True.
2020-10-10 19:16:50,157 - people_counter - send_receive_messages.py - 87 INFO - Run program is set to True.
2020-10-10 19:16:50,157 - people_counter - send_receive_messages.py - 87 INFO - Run program is set to True.
2020-10-10 19:16:50,157 - people_counter - send_receive_messages.py - 87 INFO - Run program is set to True.
2020-10-10 19:16:50,157 - people_counter - send_receive_messages.py - 87 INFO - Run program is set to True.
2020-10-10 19:16:50,157 - people_counter - send_receive_messages.py - 87 INFO - Run program is set to True.
2020-10-10 19:16:50,157 - people_counter - send_receive_messages.py - 87 INFO - Run program is set to True.
2020-10-10 19:16:50,157 - people_counter - send_receive_messages.py - 87 INFO - Run program is set to True.
2020-10-10 19:16:50,157 - people_counter - send_receive_messages.py - 87 INFO - Run program is set to True.
2020-10-10 19:16:50,157 - people_counter - send_receive_messages.py - 87 INFO - Run program is set to True.
2020-10-10 19:16:50,158 - people_counter - send_receive_messages.py - 87 INFO - Run program is set to True.
2020-10-10 19:16:50,158 - people_counter - send_receive_messages.py - 87 INFO - Run program is set to True.
2020-10-10 19:16:50,158 - people_counter - send_receive_messages.py - 87 INFO - Run program is set to True.
2020-10-10 19:16:50,158 - people_counter - send_receive_messages.py - 87 INFO - Run program is set to True.
2020-10-10 19:16:50,158 - people_counter - send_receive_messages.py - 87 INFO - Run program is set to True.
2020-10-10 19:16:50,158 - people_counter - send_receive_messages.py - 87 INFO - Run program is set to True.
2020-10-10 19:16:50,158 - people_counter - send_receive_messages.py - 87 INFO - Run program is set to True.
2020-10-10 19:16:50,158 - people_counter - send_receive_messages.py - 87 INFO - Run program is set to True.
2020-10-10 19:16:50,158 - people_counter - send_receive_messages.py - 87 INFO - Run program is set to True.
2020-10-10 19:16:50,159 - people_counter - send_receive_messages.py - 87 INFO - Run program is set to True.
2020-10-10 19:16:50,159 - people_counter - send_receive_messages.py - 87 INFO - Run program is set to True.
2020-10-10 19:16:50,159 - people_counter - send_receive_messages.py - 87 INFO - Run program is set to True.
2020-10-10 19:16:50,159 - people_counter - send_receive_messages.py - 87 INFO - Run program is set to True.
2020-10-10 19:16:50,159 - people_counter - send_receive_messages.py - 87 INFO - Run program is set to True.
2020-10-10 19:16:50,159 - people_counter - send_receive_messages.py - 87 INFO - Run program is set to True.
2020-10-10 19:16:50,159 - people_counter - send_receive_messages.py - 87 INFO - Run program is set to True.
2020-10-10 19:16:50,159 - people_counter - send_receive_messages.py - 87 INFO - Run program is set to True.
2020-10-10 19:16:50,159 - people_counter - send_receive_messages.py - 87 INFO - Run program is set to True.
2020-10-10 19:16:50,159 - people_counter - send_receive_messages.py - 87 INFO - Run program is set to True.
2020-10-10 19:16:50,160 - people_counter - send_receive_messages.py - 87 INFO - Run program is set to True.
2020-10-10 19:16:50,160 - people_counter - send_receive_messages.py - 87 INFO - Run program is set to True.
2020-10-10 19:16:50,160 - people_counter - send_receive_messages.py - 87 INFO - Run program is set to True.
2020-10-10 19:16:50,160 - people_counter - send_receive_messages.py - 87 INFO - Run program is set to True.
2020-10-10 19:16:50,160 - people_counter - send_receive_messages.py - 87 INFO - Run program is set to True.
2020-10-10 19:16:50,160 - people_counter - send_receive_messages.py - 87 INFO - Run program is set to True.
2020-10-10 19:16:50,160 - people_counter - send_receive_messages.py - 87 INFO - Run program is set to True.
2020-10-10 19:16:50,160 - people_counter - send_receive_messages.py - 87 INFO - Run program is set to True.
2020-10-10 19:16:50,160 - people_counter - send_receive_messages.py - 87 INFO - Run program is set to True.
2020-10-10 19:16:50,161 - people_counter - send_receive_messages.py - 87 INFO - Run program is set to True.
2020-10-10 19:16:50,161 - people_counter - send_receive_messages.py - 87 INFO - Run program is set to True.
2020-10-10 19:16:50,161 - people_counter - send_receive_messages.py - 87 INFO - Run program is set to True.
2020-10-10 19:16:50,161 - people_counter - send_receive_messages.py - 87 INFO - Run program is set to True.
2020-10-10 19:16:50,161 - people_counter - send_receive_messages.py - 87 INFO - Run program is set to True.
2020-10-10 19:16:50,161 - people_counter - send_receive_messages.py - 87 INFO - Run program is set to True.
2020-10-10 19:16:50,161 - people_counter - send_receive_messages.py - 87 INFO - Run program is set to True.
2020-10-10 19:16:50,161 - people_counter - send_receive_messages.py - 87 INFO - Run program is set to True.
2020-10-10 19:16:50,161 - people_counter - send_receive_messages.py - 87 INFO - Run program is set to True.
2020-10-10 19:16:50,161 - people_counter - send_receive_messages.py - 87 INFO - Run program is set to True.
2020-10-10 19:16:50,162 - people_counter - send_receive_messages.py - 87 INFO - Run program is set to True.
2020-10-10 19:16:50,162 - people_counter - send_receive_messages.py - 87 INFO - Run program is set to True.
2020-10-10 19:16:50,162 - people_counter - send_receive_messages.py - 87 INFO - Run program is set to True.
2020-10-10 19:16:50,162 - people_counter - send_receive_messages.py - 87 INFO - Run program is set to True.
2020-10-10 19:16:50,162 - people_counter - send_receive_messages.py - 87 INFO - Run program is set to True.
2020-10-10 19:16:50,162 - people_counter - send_receive_messages.py - 87 INFO - Run program is set to True.
2020-10-10 19:16:50,162 - people_counter - send_receive_messages.py - 87 INFO - Run program is set to True.
2020-10-10 19:16:50,162 - people_counter - send_receive_messages.py - 87 INFO - Run program is set to True.
2020-10-10 19:16:50,162 - people_counter - send_receive_messages.py - 87 INFO - Run program is set to True.
2020-10-10 19:16:50,163 - people_counter - send_receive_messages.py - 87 INFO - Run program is set to True.
2020-10-10 19:16:50,163 - people_counter - send_receive_messages.py - 87 INFO - Run program is set to True.
2020-10-10 19:16:50,163 - people_counter - send_receive_messages.py - 87 INFO - Run program is set to True.
2020-10-10 19:16:50,163 - people_counter - send_receive_messages.py - 87 INFO - Run program is set to True.
2020-10-10 19:16:50,169 - people_counter - send_receive_messages.py - 87 INFO - Run program is set to True.
2020-10-10 19:16:50,174 - people_counter - send_receive_messages.py - 87 INFO - Run program is set to True.
2020-10-10 19:16:50,179 - people_counter - send_receive_messages.py - 87 INFO - Run program is set to True.
2020-10-10 19:16:50,185 - people_counter - send_receive_messages.py - 87 INFO - Run program is set to True.
Exception ignored in: <module 'threading' from '/usr/lib/python3.7/threading.py'>
Traceback (most recent call last):
  File "/usr/lib/python3.7/threading.py", line 1281, in _shutdown
2020-10-10 19:16:50,201 - people_counter - send_receive_messages.py - 87 INFO - Run program is set to True.
2020-10-10 19:16:50,222 - people_counter - send_receive_messages.py - 87 INFO - Run program is set to True.
2020-10-10 19:16:50,224 - people_counter - send_receive_messages.py - 87 INFO - Run program is set to True.
2020-10-10 19:16:50,228 - people_counter - send_receive_messages.py - 87 INFO - Run program is set to True.
2020-10-10 19:16:50,237 - people_counter - send_receive_messages.py - 87 INFO - Run program is set to True.
2020-10-10 19:16:50,240 - people_counter - send_receive_messages.py - 87 INFO - Run program is set to True.
    t.join()
  File "/usr/lib/python3.7/threading.py", line 1032, in join
2020-10-10 19:16:50,242 - people_counter - send_receive_messages.py - 87 INFO - Run program is set to True.
2020-10-10 19:16:50,242 - people_counter - send_receive_messages.py - 87 INFO - Run program is set to True.
2020-10-10 19:16:50,243 - people_counter - send_receive_messages.py - 87 INFO - Run program is set to True.
2020-10-10 19:16:50,243 - people_counter - send_receive_messages.py - 87 INFO - Run program is set to True.
2020-10-10 19:16:50,243 - people_counter - send_receive_messages.py - 87 INFO - Run program is set to True.
2020-10-10 19:16:50,244 - people_counter - send_receive_messages.py - 87 INFO - Run program is set to True.
2020-10-10 19:16:50,244 - people_counter - send_receive_messages.py - 87 INFO - Run program is set to True.
    self._wait_for_tstate_lock()
  File "/usr/lib/python3.7/threading.py", line 1048, in _wait_for_tstate_lock
2020-10-10 19:16:50,244 - people_counter - send_receive_messages.py - 87 INFO - Run program is set to True.
2020-10-10 19:16:50,245 - people_counter - send_receive_messages.py - 87 INFO - Run program is set to True.
2020-10-10 19:16:50,245 - people_counter - send_receive_messages.py - 87 INFO - Run program is set to True.
2020-10-10 19:16:50,246 - people_counter - send_receive_messages.py - 87 INFO - Run program is set to True.
2020-10-10 19:16:50,252 - people_counter - send_receive_messages.py - 87 INFO - Run program is set to True.
2020-10-10 19:16:50,252 - people_counter - send_receive_messages.py - 87 INFO - Run program is set to True.
    elif lock.acquire(block, timeout):
KeyboardInterrupt
double free or corruption (fasttop)
